<?xml version="1.0" encoding="UTF-8"?>
<!-- Generated by org.testng.reporters.JUnitXMLReporter -->
<testsuite hostname="Jyoti-PC" name="Default test" tests="4" failures="0" timestamp="16 Jan 2017 15:37:53 GMT" time="104018.561" errors="0">
  <testcase name="Setup" time="9.656" classname="SAMPreRequisite.SAM.LoginTest"/>
  <testcase name="Login" time="0.702" classname="SAMPreRequisite.SAM.LoginTest"/>
  <testcase name="LoginCheck" time="6.927" classname="SAMPreRequisite.SAM.LoginTest"/>
  <testcase name="CreateExam" time="104001.228" classname="SAMPreRequisite.SAM.LoginTest"/>
</testsuite> <!-- Default test -->
