<?xml version="1.0" encoding="UTF-8"?>
<testng-results skipped="0" failed="0" total="4" passed="4">
  <reporter-output>
  </reporter-output>
  <suite name="Default suite" duration-ms="104018561" started-at="2017-01-15T10:44:02Z" finished-at="2017-01-16T15:37:41Z">
    <groups>
    </groups>
    <test name="Default test" duration-ms="104018561" started-at="2017-01-15T10:44:02Z" finished-at="2017-01-16T15:37:41Z">
      <class name="SAMPreRequisite.SAM.LoginTest">
        <test-method status="PASS" signature="Setup()[pri:0, instance:SAMPreRequisite.SAM.LoginTest@30479402]" name="Setup" duration-ms="9656" started-at="2017-01-15T16:14:02Z" finished-at="2017-01-15T16:14:12Z">
          <reporter-output>
          </reporter-output>
        </test-method> <!-- Setup -->
        <test-method status="PASS" signature="Login()[pri:0, instance:SAMPreRequisite.SAM.LoginTest@30479402]" name="Login" duration-ms="702" started-at="2017-01-15T16:14:12Z" depends-on-methods="SAMPreRequisite.SAM.LoginTest.Setup" finished-at="2017-01-15T16:14:13Z">
          <reporter-output>
          </reporter-output>
        </test-method> <!-- Login -->
        <test-method status="PASS" signature="LoginCheck()[pri:0, instance:SAMPreRequisite.SAM.LoginTest@30479402]" name="LoginCheck" duration-ms="6927" started-at="2017-01-15T16:14:13Z" depends-on-methods="SAMPreRequisite.SAM.LoginTest.Login" finished-at="2017-01-15T16:14:20Z">
          <reporter-output>
          </reporter-output>
        </test-method> <!-- LoginCheck -->
        <test-method status="PASS" signature="CreateExam()[pri:0, instance:SAMPreRequisite.SAM.LoginTest@30479402]" name="CreateExam" duration-ms="104001228" started-at="2017-01-15T16:14:20Z" depends-on-methods="SAMPreRequisite.SAM.LoginTest.LoginCheck" finished-at="2017-01-16T21:07:41Z">
          <reporter-output>
          </reporter-output>
        </test-method> <!-- CreateExam -->
      </class> <!-- SAMPreRequisite.SAM.LoginTest -->
    </test> <!-- Default test -->
  </suite> <!-- Default suite -->
</testng-results>
